<?xml version="1.0" encoding="UTF-8"?>
<testsuite xmlns:xsi="http://www.w3.org/2001/XMLSchema-instance" xsi:noNamespaceSchemaLocation="https://maven.apache.org/surefire/maven-surefire-plugin/xsd/surefire-test-report-3.0.xsd" version="3.0" name="com.library.repository.AuthorRepositoryTest" time="12.745" tests="6" errors="0" skipped="0" failures="0">
  <properties>
[...]
</properties>
  <testcase name="testFindByNationality" classname="com.library.repository.AuthorRepositoryTest" time="1.445">
    <system-out><![CDATA[14:41:56.957 [main] INFO org.springframework.test.context.support.AnnotationConfigContextLoaderUtils -- Could not detect default configuration classes for test class [com.library.repository.AuthorRepositoryTest]: AuthorRepositoryTest does not declare any static, non-private, non-final, nested classes annotated with @Configuration.
14:41:57.299 [main] INFO org.springframework.boot.test.context.SpringBootTestContextBootstrapper -- Found @SpringBootConfiguration com.library.LibraryManagementApplication for test class com.library.repository.AuthorRepositoryTest

  .   ____          _            __ _ _
 /\\ / ___'_ __ _ _(_)_ __  __ _ \ \ \ \
( ( )\___ | '_ | '_| | '_ \/ _` | \ \ \ \
 \\/  ___)| |_)| | | | | || (_| |  ) ) ) )
  '  |____| .__|_| |_|_| |_\__, | / / / /
 =========|_|==============|___/=/_/_/_/
 :: Spring Boot ::                (v3.2.5)

2026-04-29T14:41:58.538+05:30  INFO 22308 --- [           main] c.l.repository.AuthorRepositoryTest      : Starting AuthorRepositoryTest using Java 21.0.10 with PID 22308 (started by rikka in C:\Users\rikka\OneDrive\Desktop\New folder\library-management)
2026-04-29T14:41:58.542+05:30  INFO 22308 --- [           main] c.l.repository.AuthorRepositoryTest      : No active profile set, falling back to 1 default profile: "default"
2026-04-29T14:41:59.874+05:30  INFO 22308 --- [           main] .s.d.r.c.RepositoryConfigurationDelegate : Bootstrapping Spring Data JPA repositories in DEFAULT mode.
2026-04-29T14:42:00.164+05:30  INFO 22308 --- [           main] .s.d.r.c.RepositoryConfigurationDelegate : Finished Spring Data repository scanning in 226 ms. Found 2 JPA repository interfaces.
2026-04-29T14:42:00.423+05:30  INFO 22308 --- [           main] beddedDataSourceBeanFactoryPostProcessor : Replacing 'dataSource' DataSource bean with embedded version
2026-04-29T14:42:01.002+05:30  INFO 22308 --- [           main] o.s.j.d.e.EmbeddedDatabaseFactory        : Starting embedded database: url='jdbc:h2:mem:b914d9f5-9451-40f2-a717-e26b7aaa0779;DB_CLOSE_DELAY=-1;DB_CLOSE_ON_EXIT=false', username='sa'
2026-04-29T14:42:01.737+05:30  INFO 22308 --- [           main] o.hibernate.jpa.internal.util.LogHelper  : HHH000204: Processing PersistenceUnitInfo [name: default]
2026-04-29T14:42:01.914+05:30  INFO 22308 --- [           main] org.hibernate.Version                    : HHH000412: Hibernate ORM core version 6.4.4.Final
2026-04-29T14:42:01.997+05:30  INFO 22308 --- [           main] o.h.c.internal.RegionFactoryInitiator    : HHH000026: Second-level cache disabled
2026-04-29T14:42:02.595+05:30  INFO 22308 --- [           main] o.s.o.j.p.SpringPersistenceUnitInfo      : No LoadTimeWeaver setup: ignoring JPA class transformer
2026-04-29T14:42:02.762+05:30  WARN 22308 --- [           main] org.hibernate.orm.deprecation            : HHH90000025: H2Dialect does not need to be specified explicitly using 'hibernate.dialect' (remove the property setting and it will be selected by default)
2026-04-29T14:42:05.068+05:30  INFO 22308 --- [           main] o.h.e.t.j.p.i.JtaPlatformInitiator       : HHH000489: No JTA platform available (set 'hibernate.transaction.jta.platform' to enable JTA platform integration)
Hibernate: 
    drop table if exists authors cascade 
Hibernate: 
    drop table if exists books cascade 
Hibernate: 
    create table authors (
        id bigint generated by default as identity,
        name varchar(100) not null,
        nationality varchar(100),
        bio varchar(500),
        primary key (id)
    )
Hibernate: 
    create table books (
        price float(53) not null,
        publication_year integer check (publication_year>=1000),
        author_id bigint not null,
        id bigint generated by default as identity,
        isbn varchar(20) unique,
        genre varchar(100),
        title varchar(200) not null,
        primary key (id)
    )
Hibernate: 
    alter table if exists books 
       add constraint FKfjixh2vym2cvfj3ufxj91jem7 
       foreign key (author_id) 
       references authors
2026-04-29T14:42:05.188+05:30  INFO 22308 --- [           main] j.LocalContainerEntityManagerFactoryBean : Initialized JPA EntityManagerFactory for persistence unit 'default'
2026-04-29T14:42:06.073+05:30  INFO 22308 --- [           main] o.s.d.j.r.query.QueryEnhancerFactory     : Hibernate is in classpath; If applicable, HQL parser will be used.
2026-04-29T14:42:07.501+05:30  INFO 22308 --- [           main] c.l.repository.AuthorRepositoryTest      : Started AuthorRepositoryTest in 10.018 seconds (process running for 12.543)
Hibernate: 
    select
        b1_0.id,
        b1_0.author_id,
        b1_0.genre,
        b1_0.isbn,
        b1_0.price,
        b1_0.publication_year,
        b1_0.title 
    from
        books b1_0
Hibernate: 
    select
        a1_0.id,
        a1_0.bio,
        a1_0.name,
        a1_0.nationality 
    from
        authors a1_0
Hibernate: 
    insert 
    into
        authors
        (bio, name, nationality, id) 
    values
        (?, ?, ?, default)
Hibernate: 
    select
        a1_0.id,
        a1_0.bio,
        a1_0.name,
        a1_0.nationality 
    from
        authors a1_0 
    where
        upper(a1_0.nationality)=upper(?)
]]></system-out>
    <system-err><![CDATA[WARNING: A Java agent has been loaded dynamically (C:\Users\rikka\.m2\repository\net\bytebuddy\byte-buddy-agent\1.14.13\byte-buddy-agent-1.14.13.jar)
WARNING: If a serviceability tool is in use, please run with -XX:+EnableDynamicAgentLoading to hide this warning
WARNING: If a serviceability tool is not in use, please run with -Djdk.instrument.traceUsage for more information
WARNING: Dynamic loading of agents will be disallowed by default in a future release
]]></system-err>
  </testcase>
  <testcase name="testFindByNameContaining" classname="com.library.repository.AuthorRepositoryTest" time="0.034">
    <system-out><![CDATA[Hibernate: 
    select
        b1_0.id,
        b1_0.author_id,
        b1_0.genre,
        b1_0.isbn,
        b1_0.price,
        b1_0.publication_year,
        b1_0.title 
    from
        books b1_0
Hibernate: 
    select
        a1_0.id,
        a1_0.bio,
        a1_0.name,
        a1_0.nationality 
    from
        authors a1_0
Hibernate: 
    insert 
    into
        authors
        (bio, name, nationality, id) 
    values
        (?, ?, ?, default)
Hibernate: 
    select
        a1_0.id,
        a1_0.bio,
        a1_0.name,
        a1_0.nationality 
    from
        authors a1_0 
    where
        upper(a1_0.name) like upper(?) escape '\'
]]></system-out>
  </testcase>
  <testcase name="testInnerJoinEmptyWhenNoBooks" classname="com.library.repository.AuthorRepositoryTest" time="0.037">
    <system-out><![CDATA[Hibernate: 
    select
        b1_0.id,
        b1_0.author_id,
        b1_0.genre,
        b1_0.isbn,
        b1_0.price,
        b1_0.publication_year,
        b1_0.title 
    from
        books b1_0
Hibernate: 
    select
        a1_0.id,
        a1_0.bio,
        a1_0.name,
        a1_0.nationality 
    from
        authors a1_0
Hibernate: 
    insert 
    into
        authors
        (bio, name, nationality, id) 
    values
        (?, ?, ?, default)
Hibernate: 
    select
        b1_0.id,
        b1_0.title,
        b1_0.genre,
        b1_0.publication_year,
        b1_0.price,
        b1_0.isbn,
        a1_0.id,
        a1_0.name,
        a1_0.nationality 
    from
        books b1_0 
    join
        authors a1_0 
            on a1_0.id=b1_0.author_id 
    order by
        b1_0.id desc
]]></system-out>
  </testcase>
  <testcase name="testUpdateAuthor" classname="com.library.repository.AuthorRepositoryTest" time="0.021">
    <system-out><![CDATA[Hibernate: 
    select
        b1_0.id,
        b1_0.author_id,
        b1_0.genre,
        b1_0.isbn,
        b1_0.price,
        b1_0.publication_year,
        b1_0.title 
    from
        books b1_0
Hibernate: 
    select
        a1_0.id,
        a1_0.bio,
        a1_0.name,
        a1_0.nationality 
    from
        authors a1_0
Hibernate: 
    insert 
    into
        authors
        (bio, name, nationality, id) 
    values
        (?, ?, ?, default)
]]></system-out>
  </testcase>
  <testcase name="testFindAllBooksWithAuthors" classname="com.library.repository.AuthorRepositoryTest" time="0.057">
    <system-out><![CDATA[Hibernate: 
    select
        b1_0.id,
        b1_0.author_id,
        b1_0.genre,
        b1_0.isbn,
        b1_0.price,
        b1_0.publication_year,
        b1_0.title 
    from
        books b1_0
Hibernate: 
    select
        a1_0.id,
        a1_0.bio,
        a1_0.name,
        a1_0.nationality 
    from
        authors a1_0
Hibernate: 
    insert 
    into
        authors
        (bio, name, nationality, id) 
    values
        (?, ?, ?, default)
Hibernate: 
    insert 
    into
        books
        (author_id, genre, isbn, price, publication_year, title, id) 
    values
        (?, ?, ?, ?, ?, ?, default)
Hibernate: 
    insert 
    into
        books
        (author_id, genre, isbn, price, publication_year, title, id) 
    values
        (?, ?, ?, ?, ?, ?, default)
Hibernate: 
    select
        b1_0.id,
        b1_0.title,
        b1_0.genre,
        b1_0.publication_year,
        b1_0.price,
        b1_0.isbn,
        a1_0.id,
        a1_0.name,
        a1_0.nationality 
    from
        books b1_0 
    join
        authors a1_0 
            on a1_0.id=b1_0.author_id 
    order by
        b1_0.id desc
]]></system-out>
  </testcase>
  <testcase name="testSaveAndFindById" classname="com.library.repository.AuthorRepositoryTest" time="0.032">
    <system-out><![CDATA[Hibernate: 
    select
        b1_0.id,
        b1_0.author_id,
        b1_0.genre,
        b1_0.isbn,
        b1_0.price,
        b1_0.publication_year,
        b1_0.title 
    from
        books b1_0
Hibernate: 
    select
        a1_0.id,
        a1_0.bio,
        a1_0.name,
        a1_0.nationality 
    from
        authors a1_0
Hibernate: 
    insert 
    into
        authors
        (bio, name, nationality, id) 
    values
        (?, ?, ?, default)
]]></system-out>
  </testcase>
</testsuite>